VirtualBox XPCOM Server 5.2.18 r124319 linux.x86 (Aug 14 2018 12:23:04) release log
00:00:00.072027 main     Log opened 2018-08-21T13:43:12.892387000Z
00:00:00.072032 main     Build Type: release
00:00:00.072050 main     OS Product: Linux
00:00:00.072054 main     OS Release: 4.10.0-38-generic
00:00:00.072057 main     OS Version: #42~16.04.1-Ubuntu SMP Tue Oct 10 16:32:20 UTC 2017
00:00:00.072123 main     DMI Product Name: Latitude E6410
00:00:00.072173 main     DMI Product Version: 0001
00:00:00.072340 main     Host RAM: 7843MB (7.6GB) total, 6612MB (6.4GB) available
00:00:00.072371 main     Executable: /usr/lib/virtualbox/VBoxSVC
00:00:00.072373 main     Process ID: 14606
00:00:00.072375 main     Package type: LINUX_32BITS_UBUNTU_16_04
00:00:00.079182 main     IPC socket path: /tmp/.vbox-kingdragon-ipc/ipcd
00:00:00.199805 nspr-2   VirtualBox: object creation starts
00:00:00.199984 nspr-2   Home directory: '/home/kingdragon/.config/VirtualBox'
00:00:00.210322 nspr-2   Loading settings file "/home/kingdragon/.config/VirtualBox/VirtualBox.xml" with version "1.12-linux"
00:00:00.213635 nspr-2   Successfully initialised host USB using sysfs
00:00:00.222895 nspr-2   NetIfAdpCtlOut: VBoxNetAdpCtl: Error while retrieving link speed for wlp3s0: VBoxNetAdpCtl: ioctl failed: Operation not supported
00:00:00.224284 nspr-2   NAT: resolv.conf: nameserver 127.0.1.1
00:00:00.224357 nspr-2   HostDnsMonitor: old information
00:00:00.224377 nspr-2     no server entries
00:00:00.224384 nspr-2     no domain set
00:00:00.224398 nspr-2     no search string entries
00:00:00.224405 nspr-2   HostDnsMonitor: new information
00:00:00.224410 nspr-2     server 1: 127.0.1.1
00:00:00.224417 nspr-2     domain: Home
00:00:00.224431 nspr-2     search string 1: Home
00:00:00.224445 nspr-2   HostDnsMonitorProxy::notify
00:00:00.230605 nspr-2   Support driver version mismatch: DriverVersion=too-old ClientVersion=0x290001
00:00:00.231149 nspr-2   VD: VDInit finished with VINF_SUCCESS
00:00:00.232348 nspr-2   VirtualBox: object created
00:00:03.112787 nspr-2   Saving settings file "/home/kingdragon/.config/VirtualBox/VirtualBox.xml" with version "1.12-linux"
00:00:03.230545 nspr-2   Saving settings file "/home/kingdragon/.config/VirtualBox/VirtualBox.xml" with version "1.12-linux"
00:00:16.047216 nspr-3   Saving settings file "/home/kingdragon/.config/VirtualBox/VirtualBox.xml" with version "1.12-linux"
00:00:22.288756 main     VirtualBox: object deletion starts
00:00:22.739024 Watcher  ERROR [COM]: aRC=E_ACCESSDENIED (0x80070005) aIID={9570b9d5-f1a1-448a-10c5-e12f5285adad} aComponent={VirtualBoxWrap} aText={The object is not ready}, preserve=false aResultDetail=0
00:00:27.290041 main     {f3712130} HostPowerServiceLinux::~HostPowerServiceLinux: RTThreadWait() for 5000 ms failed with VERR_TIMEOUT
00:00:27.290609 main     VirtualBox: object deleted
